TN:
SF:src/modules/accounts/useCases/authenticateUser/AuthenticateUserController.ts
FN:5,AuthenticateUserController
FN:6,Object.<anonymous>.AuthenticateUserController.handle
FNF:2
FNH:2
FNDA:1,AuthenticateUserController
FNDA:2,Object.<anonymous>.AuthenticateUserController.handle
DA:1,1
DA:2,1
DA:3,1
DA:4,1
DA:5,1
DA:6,1
DA:7,2
DA:8,2
DA:9,2
DA:10,2
DA:11,2
DA:12,2
DA:13,2
DA:14,2
DA:15,1
DA:16,1
DA:17,1
LF:17
LH:17
BRDA:5,0,0,1
BRDA:5,1,0,1
BRDA:6,2,0,2
BRF:3
BRH:3
end_of_record
TN:
SF:src/modules/accounts/useCases/authenticateUser/AuthenticateUserUseCase.ts
FN:26,AuthenticateUserUseCase
FN:35,Object.<anonymous>.AuthenticateUserUseCase.execute
FNF:2
FNH:2
FNDA:2,AuthenticateUserUseCase
FNDA:2,Object.<anonymous>.AuthenticateUserUseCase.execute
DA:1,1
DA:2,1
DA:3,1
DA:4,1
DA:5,1
DA:6,1
DA:7,1
DA:8,1
DA:9,1
DA:10,1
DA:11,1
DA:12,1
DA:13,1
DA:14,1
DA:15,1
DA:16,1
DA:17,1
DA:18,1
DA:19,1
DA:20,1
DA:21,1
DA:22,1
DA:23,1
DA:24,1
DA:25,1
DA:26,1
DA:27,2
DA:28,2
DA:29,2
DA:30,2
DA:31,2
DA:32,2
DA:33,2
DA:34,1
DA:35,1
DA:36,2
DA:37,2
DA:38,2
DA:39,2
DA:40,2
DA:41,2
DA:42,2
DA:43,2
DA:44,2
DA:45,2
DA:46,0
DA:47,0
DA:48,2
DA:49,2
DA:50,2
DA:51,2
DA:52,0
DA:53,0
DA:54,2
DA:55,2
DA:56,2
DA:57,2
DA:58,2
DA:59,2
DA:60,2
DA:61,2
DA:62,2
DA:63,2
DA:64,2
DA:65,2
DA:66,2
DA:67,2
DA:68,2
DA:69,2
DA:70,2
DA:71,2
DA:72,2
DA:73,2
DA:74,2
DA:75,2
DA:76,2
DA:77,2
DA:78,2
DA:79,2
DA:80,2
DA:81,2
DA:82,2
DA:83,2
DA:84,2
DA:85,2
DA:86,1
DA:87,1
DA:88,1
LF:88
LH:84
BRDA:25,0,0,1
BRDA:26,1,0,2
BRDA:35,2,0,2
BRDA:36,3,0,2
BRDA:45,4,0,0
BRDA:51,5,0,0
BRF:6
BRH:4
end_of_record
TN:
SF:src/modules/accounts/useCases/createUser/CreateUserController.ts
FN:5,CreateUserController
FN:7,Object.<anonymous>.CreateUserController.handle
FNF:2
FNH:1
FNDA:1,CreateUserController
FNDA:0,Object.<anonymous>.CreateUserController.handle
DA:1,1
DA:2,1
DA:3,1
DA:4,1
DA:5,1
DA:6,1
DA:7,1
DA:8,0
DA:9,0
DA:10,0
DA:11,0
DA:12,0
DA:13,0
DA:14,0
DA:15,0
DA:16,0
DA:17,0
DA:18,0
DA:19,0
DA:20,1
DA:21,1
DA:22,1
DA:23,1
LF:23
LH:11
BRDA:5,0,0,1
BRDA:5,1,0,1
BRF:2
BRH:2
end_of_record
TN:
SF:src/modules/accounts/useCases/createUser/CreateUserUseCase.ts
FN:10,CreateUserUseCase
FN:15,Object.<anonymous>.CreateUserUseCase.execute
FNF:2
FNH:2
FNDA:3,CreateUserUseCase
FNDA:2,Object.<anonymous>.CreateUserUseCase.execute
DA:1,1
DA:2,1
DA:3,1
DA:4,1
DA:5,1
DA:6,1
DA:7,1
DA:8,1
DA:9,1
DA:10,1
DA:11,3
DA:12,3
DA:13,3
DA:14,1
DA:15,1
DA:16,2
DA:17,2
DA:18,2
DA:19,2
DA:20,2
DA:21,2
DA:22,2
DA:23,2
DA:24,2
DA:25,0
DA:26,0
DA:27,2
DA:28,2
DA:29,2
DA:30,2
DA:31,2
DA:32,2
DA:33,2
DA:34,2
DA:35,2
DA:36,2
DA:37,1
DA:38,1
DA:39,1
LF:39
LH:37
BRDA:8,0,0,1
BRDA:10,1,0,3
BRDA:15,2,0,2
BRDA:22,3,0,2
BRDA:24,4,0,0
BRF:5
BRH:4
end_of_record
TN:
SF:src/modules/accounts/useCases/refreshToken/RefreshTokenController.ts
FN:5,RefreshTokenController
FN:6,Object.<anonymous>.RefreshTokenController.handle
FNF:2
FNH:1
FNDA:1,RefreshTokenController
FNDA:0,Object.<anonymous>.RefreshTokenController.handle
DA:1,1
DA:2,1
DA:3,1
DA:4,1
DA:5,1
DA:6,1
DA:7,0
DA:8,0
DA:9,0
DA:10,0
DA:11,0
DA:12,0
DA:13,0
DA:14,0
DA:15,0
DA:16,0
DA:17,0
DA:18,1
DA:19,1
DA:20,1
LF:20
LH:9
BRDA:5,0,0,1
BRDA:5,1,0,1
BRF:2
BRH:2
end_of_record
TN:
SF:src/modules/accounts/useCases/refreshToken/RefreshTokenUseCase.ts
FN:15,RefreshTokenUseCase
FN:22,Object.<anonymous>.RefreshTokenUseCase.execute
FNF:2
FNH:0
FNDA:0,RefreshTokenUseCase
FNDA:0,Object.<anonymous>.RefreshTokenUseCase.execute
DA:1,1
DA:2,1
DA:3,1
DA:4,1
DA:5,1
DA:6,1
DA:7,1
DA:8,1
DA:9,1
DA:10,1
DA:11,1
DA:12,1
DA:13,1
DA:14,1
DA:15,1
DA:16,0
DA:17,0
DA:18,0
DA:19,0
DA:20,0
DA:21,1
DA:22,1
DA:23,0
DA:24,0
DA:25,0
DA:26,0
DA:27,0
DA:28,0
DA:29,0
DA:30,0
DA:31,0
DA:32,0
DA:33,0
DA:34,0
DA:35,0
DA:36,0
DA:37,0
DA:38,0
DA:39,0
DA:40,0
DA:41,0
DA:42,0
DA:43,0
DA:44,0
DA:45,0
DA:46,0
DA:47,0
DA:48,0
DA:49,0
DA:50,0
DA:51,0
DA:52,0
DA:53,0
DA:54,1
DA:55,1
DA:56,1
LF:56
LH:20
BRDA:14,0,0,1
BRF:1
BRH:1
end_of_record
TN:
SF:src/modules/accounts/useCases/resetPasswordUser/ResetPasswordUserController.ts
FN:5,ResetPasswordUserController
FN:7,Object.<anonymous>.ResetPasswordUserController.handle
FNF:2
FNH:1
FNDA:1,ResetPasswordUserController
FNDA:0,Object.<anonymous>.ResetPasswordUserController.handle
DA:1,1
DA:2,1
DA:3,1
DA:4,1
DA:5,1
DA:6,1
DA:7,1
DA:8,0
DA:9,0
DA:10,0
DA:11,0
DA:12,0
DA:13,0
DA:14,0
DA:15,0
DA:16,0
DA:17,0
DA:18,0
DA:19,1
DA:20,1
DA:21,1
LF:21
LH:10
BRDA:5,0,0,1
BRDA:5,1,0,1
BRF:2
BRH:2
end_of_record
TN:
SF:src/modules/accounts/useCases/resetPasswordUser/ResetPasswordUserUseCase.ts
FN:15,ResetPasswordUserUseCase
FN:24,Object.<anonymous>.ResetPasswordUserUseCase.execute
FNF:2
FNH:0
FNDA:0,ResetPasswordUserUseCase
FNDA:0,Object.<anonymous>.ResetPasswordUserUseCase.execute
DA:1,1
DA:2,1
DA:3,1
DA:4,1
DA:5,1
DA:6,1
DA:7,1
DA:8,1
DA:9,1
DA:10,1
DA:11,1
DA:12,1
DA:13,1
DA:14,1
DA:15,1
DA:16,0
DA:17,0
DA:18,0
DA:19,0
DA:20,0
DA:21,0
DA:22,0
DA:23,1
DA:24,1
DA:25,0
DA:26,0
DA:27,0
DA:28,0
DA:29,0
DA:30,0
DA:31,0
DA:32,0
DA:33,0
DA:34,0
DA:35,0
DA:36,0
DA:37,0
DA:38,0
DA:39,0
DA:40,0
DA:41,0
DA:42,0
DA:43,0
DA:44,0
DA:45,0
DA:46,1
DA:47,1
DA:48,1
LF:48
LH:20
BRDA:14,0,0,1
BRF:1
BRH:1
end_of_record
TN:
SF:src/modules/accounts/useCases/sendForgotPasswordMail/SendForgotPasswordMailController.ts
FN:5,SendForgotPasswordMailController
FN:6,Object.<anonymous>.SendForgotPasswordMailController.handle
FNF:2
FNH:1
FNDA:1,SendForgotPasswordMailController
FNDA:0,Object.<anonymous>.SendForgotPasswordMailController.handle
DA:1,1
DA:2,1
DA:3,1
DA:4,1
DA:5,1
DA:6,1
DA:7,0
DA:8,0
DA:9,0
DA:10,0
DA:11,0
DA:12,0
DA:13,0
DA:14,0
DA:15,0
DA:16,0
DA:17,1
DA:18,1
DA:19,1
LF:19
LH:9
BRDA:5,0,0,1
BRDA:5,1,0,1
BRF:2
BRH:2
end_of_record
TN:
SF:src/modules/accounts/useCases/sendForgotPasswordMail/SendForgotPasswordMailUseCase.ts
FN:12,SendForgotPasswordMailUseCase
FN:23,Object.<anonymous>.SendForgotPasswordMailUseCase.execute
FNF:2
FNH:2
FNDA:3,SendForgotPasswordMailUseCase
FNDA:3,Object.<anonymous>.SendForgotPasswordMailUseCase.execute
DA:1,1
DA:2,1
DA:3,1
DA:4,1
DA:5,1
DA:6,1
DA:7,1
DA:8,1
DA:9,1
DA:10,1
DA:11,1
DA:12,1
DA:13,3
DA:14,3
DA:15,3
DA:16,3
DA:17,3
DA:18,3
DA:19,3
DA:20,3
DA:21,3
DA:22,1
DA:23,1
DA:24,3
DA:25,3
DA:26,3
DA:27,3
DA:28,3
DA:29,1
DA:30,1
DA:31,2
DA:32,2
DA:33,2
DA:34,2
DA:35,2
DA:36,2
DA:37,2
DA:38,2
DA:39,2
DA:40,3
DA:41,3
DA:42,3
DA:43,3
DA:44,3
DA:45,3
DA:46,3
DA:47,3
DA:48,3
DA:49,3
DA:50,3
DA:51,3
DA:52,3
DA:53,1
DA:54,1
DA:55,1
LF:55
LH:55
BRDA:11,0,0,1
BRDA:12,1,0,3
BRDA:23,2,0,3
BRDA:24,3,0,3
BRDA:28,4,0,1
BRDA:31,5,0,2
BRF:6
BRH:6
end_of_record
TN:
SF:src/modules/accounts/useCases/updateUserAvatar/UpdateUserAvatarController.ts
FN:5,UpdateUserAvatarController
FN:6,Object.<anonymous>.UpdateUserAvatarController.handle
FNF:2
FNH:1
FNDA:1,UpdateUserAvatarController
FNDA:0,Object.<anonymous>.UpdateUserAvatarController.handle
DA:1,1
DA:2,1
DA:3,1
DA:4,1
DA:5,1
DA:6,1
DA:7,0
DA:8,0
DA:9,0
DA:10,0
DA:11,0
DA:12,0
DA:13,0
DA:14,0
DA:15,0
DA:16,1
DA:17,1
DA:18,1
LF:18
LH:9
BRDA:5,0,0,1
BRDA:5,1,0,1
BRF:2
BRH:2
end_of_record
TN:
SF:src/modules/accounts/useCases/updateUserAvatar/UpdateUserAvatarUseCase.ts
FN:11,UpdateUserAvatarUseCase
FN:16,Object.<anonymous>.UpdateUserAvatarUseCase.execute
FNF:2
FNH:0
FNDA:0,UpdateUserAvatarUseCase
FNDA:0,Object.<anonymous>.UpdateUserAvatarUseCase.execute
DA:1,1
DA:2,1
DA:3,1
DA:4,1
DA:5,1
DA:6,1
DA:7,1
DA:8,1
DA:9,1
DA:10,1
DA:11,1
DA:12,0
DA:13,0
DA:14,0
DA:15,1
DA:16,1
DA:17,0
DA:18,0
DA:19,0
DA:20,0
DA:21,0
DA:22,0
DA:23,0
DA:24,0
DA:25,0
DA:26,0
DA:27,1
DA:28,1
DA:29,1
LF:29
LH:16
BRDA:10,0,0,1
BRF:1
BRH:1
end_of_record
TN:
SF:src/modules/cars/useCases/createCar/CreateCarController.ts
FN:5,CreateCarController
FN:7,Object.<anonymous>.CreateCarController.handle
FNF:2
FNH:1
FNDA:1,CreateCarController
FNDA:0,Object.<anonymous>.CreateCarController.handle
DA:1,1
DA:2,1
DA:3,1
DA:4,1
DA:5,1
DA:6,1
DA:7,1
DA:8,0
DA:9,0
DA:10,0
DA:11,0
DA:12,0
DA:13,0
DA:14,0
DA:15,0
DA:16,0
DA:17,0
DA:18,0
DA:19,0
DA:20,0
DA:21,0
DA:22,0
DA:23,0
DA:24,0
DA:25,0
DA:26,0
DA:27,0
DA:28,0
DA:29,0
DA:30,0
DA:31,0
DA:32,1
DA:33,1
DA:34,1
LF:34
LH:10
BRDA:5,0,0,1
BRDA:5,1,0,1
BRF:2
BRH:2
end_of_record
TN:
SF:src/modules/cars/useCases/createCar/CreateCarUseCase.ts
FN:18,CreateCarUseCase
FN:23,Object.<anonymous>.CreateCarUseCase.execute
FNF:2
FNH:2
FNDA:3,CreateCarUseCase
FNDA:4,Object.<anonymous>.CreateCarUseCase.execute
DA:1,1
DA:2,1
DA:3,1
DA:4,1
DA:5,1
DA:6,1
DA:7,1
DA:8,1
DA:9,1
DA:10,1
DA:11,1
DA:12,1
DA:13,1
DA:14,1
DA:15,1
DA:16,1
DA:17,1
DA:18,1
DA:19,3
DA:20,3
DA:21,3
DA:22,1
DA:23,1
DA:24,4
DA:25,4
DA:26,4
DA:27,4
DA:28,4
DA:29,4
DA:30,4
DA:31,4
DA:32,4
DA:33,4
DA:34,4
DA:35,4
DA:36,1
DA:37,1
DA:38,3
DA:39,3
DA:40,3
DA:41,3
DA:42,3
DA:43,3
DA:44,3
DA:45,3
DA:46,3
DA:47,3
DA:48,4
DA:49,4
DA:50,4
DA:51,1
DA:52,1
DA:53,1
LF:53
LH:53
BRDA:17,0,0,1
BRDA:18,1,0,3
BRDA:23,2,0,4
BRDA:33,3,0,4
BRDA:35,4,0,1
BRDA:38,5,0,3
BRF:6
BRH:6
end_of_record
TN:
SF:src/modules/cars/useCases/createCarSpecification/CreateCarSpecificationUseCase.ts
FN:14,CreateCarSpecificationUseCase
FN:22,Object.<anonymous>.CreateCarSpecificationUseCase.execute
FNF:2
FNH:2
FNDA:2,CreateCarSpecificationUseCase
FNDA:2,Object.<anonymous>.CreateCarSpecificationUseCase.execute
DA:1,1
DA:2,1
DA:3,1
DA:4,1
DA:5,1
DA:6,1
DA:7,1
DA:8,1
DA:9,1
DA:10,1
DA:11,1
DA:12,1
DA:13,2
DA:14,2
DA:15,2
DA:16,2
DA:17,2
DA:18,2
DA:19,2
DA:20,2
DA:21,2
DA:22,2
DA:23,2
DA:24,2
DA:25,2
DA:26,1
DA:27,1
DA:28,1
DA:29,1
DA:30,2
DA:31,2
DA:32,2
DA:33,2
DA:34,2
DA:35,2
DA:36,2
DA:37,2
DA:38,1
DA:39,1
LF:39
LH:39
BRDA:13,0,0,2
BRDA:14,1,0,2
BRDA:22,2,0,2
BRDA:23,3,0,2
BRDA:25,4,0,1
BRF:5
BRH:5
end_of_record
TN:
SF:src/modules/cars/useCases/createCarSpecification/CreateCarSpecificationsController.ts
FN:5,CreateCarSpecificationController
FN:6,Object.<anonymous>.CreateCarSpecificationController.handle
FNF:2
FNH:1
FNDA:1,CreateCarSpecificationController
FNDA:0,Object.<anonymous>.CreateCarSpecificationController.handle
DA:1,1
DA:2,1
DA:3,1
DA:4,1
DA:5,1
DA:6,1
DA:7,0
DA:8,0
DA:9,0
DA:10,0
DA:11,0
DA:12,0
DA:13,0
DA:14,0
DA:15,0
DA:16,0
DA:17,0
DA:18,0
DA:19,1
DA:20,1
DA:21,1
LF:21
LH:9
BRDA:5,0,0,1
BRDA:5,1,0,1
BRF:2
BRH:2
end_of_record
TN:
SF:src/modules/cars/useCases/createCategory/CreateCategoryController.ts
FN:5,CreateCategoryController
FN:7,Object.<anonymous>.CreateCategoryController.handle
FNF:2
FNH:2
FNDA:1,CreateCategoryController
FNDA:2,Object.<anonymous>.CreateCategoryController.handle
DA:1,1
DA:2,1
DA:3,1
DA:4,1
DA:5,1
DA:6,1
DA:7,1
DA:8,2
DA:9,2
DA:10,2
DA:11,2
DA:12,2
DA:13,2
DA:14,2
DA:15,2
DA:16,1
DA:17,1
DA:18,1
LF:18
LH:18
BRDA:5,0,0,1
BRDA:5,1,0,1
BRDA:7,2,0,2
BRF:3
BRH:3
end_of_record
TN:
SF:src/modules/cars/useCases/createCategory/CreateCategoryUseCase.ts
FN:12,CreateCategoryUseCase
FN:17,Object.<anonymous>.CreateCategoryUseCase.execute
FNF:2
FNH:2
FNDA:4,CreateCategoryUseCase
FNDA:5,Object.<anonymous>.CreateCategoryUseCase.execute
DA:1,1
DA:2,1
DA:3,1
DA:4,1
DA:5,1
DA:6,1
DA:7,1
DA:8,1
DA:9,1
DA:10,1
DA:11,2
DA:12,2
DA:13,4
DA:14,4
DA:15,4
DA:16,2
DA:17,2
DA:18,5
DA:19,5
DA:20,5
DA:21,2
DA:22,2
DA:23,3
DA:24,3
DA:25,5
DA:26,2
DA:27,1
DA:28,1
LF:28
LH:28
BRDA:11,0,0,2
BRDA:12,1,0,4
BRDA:17,2,0,5
BRDA:18,3,0,5
BRDA:20,4,0,4
BRDA:20,5,0,2
BRDA:23,6,0,3
BRF:7
BRH:7
end_of_record
TN:
SF:src/modules/cars/useCases/createSpecification/CreateSpecificationController.ts
FN:5,CreateSpecificationController
FN:7,Object.<anonymous>.CreateSpecificationController.handle
FNF:2
FNH:1
FNDA:1,CreateSpecificationController
FNDA:0,Object.<anonymous>.CreateSpecificationController.handle
DA:1,1
DA:2,1
DA:3,1
DA:4,1
DA:5,1
DA:6,1
DA:7,1
DA:8,0
DA:9,0
DA:10,0
DA:11,0
DA:12,0
DA:13,0
DA:14,0
DA:15,0
DA:16,1
DA:17,1
DA:18,1
LF:18
LH:10
BRDA:5,0,0,1
BRDA:5,1,0,1
BRF:2
BRH:2
end_of_record
TN:
SF:src/modules/cars/useCases/createSpecification/CreateSpecificationUseCase.ts
FN:12,CreateSpecificationUseCase
FN:17,Object.<anonymous>.CreateSpecificationUseCase.execute
FNF:2
FNH:0
FNDA:0,CreateSpecificationUseCase
FNDA:0,Object.<anonymous>.CreateSpecificationUseCase.execute
DA:1,1
DA:2,1
DA:3,1
DA:4,1
DA:5,1
DA:6,1
DA:7,1
DA:8,1
DA:9,1
DA:10,1
DA:11,1
DA:12,1
DA:13,0
DA:14,0
DA:15,0
DA:16,1
DA:17,1
DA:18,0
DA:19,0
DA:20,0
DA:21,0
DA:22,0
DA:23,0
DA:24,0
DA:25,0
DA:26,0
DA:27,0
DA:28,0
DA:29,1
DA:30,1
DA:31,1
LF:31
LH:17
BRDA:11,0,0,1
BRF:1
BRH:1
end_of_record
TN:
SF:src/modules/cars/useCases/importCategory/ImportCategoryController.ts
FN:5,ImportCategoryController
FN:6,Object.<anonymous>.ImportCategoryController.handle
FNF:2
FNH:1
FNDA:1,ImportCategoryController
FNDA:0,Object.<anonymous>.ImportCategoryController.handle
DA:1,1
DA:2,1
DA:3,1
DA:4,1
DA:5,1
DA:6,1
DA:7,0
DA:8,0
DA:9,0
DA:10,0
DA:11,0
DA:12,0
DA:13,0
DA:14,0
DA:15,1
DA:16,1
DA:17,1
LF:17
LH:9
BRDA:5,0,0,1
BRDA:5,1,0,1
BRF:2
BRH:2
end_of_record
TN:
SF:src/modules/cars/useCases/importCategory/ImportCategoryUseCase.ts
FN:13,ImportCategoryUseCase
FN:18,Object.<anonymous>.ImportCategoryUseCase.loadCategories
FN:44,Object.<anonymous>.ImportCategoryUseCase.execute
FNF:3
FNH:0
FNDA:0,ImportCategoryUseCase
FNDA:0,Object.<anonymous>.ImportCategoryUseCase.loadCategories
FNDA:0,Object.<anonymous>.ImportCategoryUseCase.execute
DA:1,1
DA:2,1
DA:3,1
DA:4,1
DA:5,1
DA:6,1
DA:7,1
DA:8,1
DA:9,1
DA:10,1
DA:11,1
DA:12,1
DA:13,1
DA:14,0
DA:15,0
DA:16,0
DA:17,1
DA:18,1
DA:19,0
DA:20,0
DA:21,0
DA:22,0
DA:23,0
DA:24,0
DA:25,0
DA:26,0
DA:27,0
DA:28,0
DA:29,0
DA:30,0
DA:31,0
DA:32,0
DA:33,0
DA:34,0
DA:35,0
DA:36,0
DA:37,0
DA:38,0
DA:39,0
DA:40,0
DA:41,0
DA:42,0
DA:43,1
DA:44,1
DA:45,0
DA:46,0
DA:47,0
DA:48,0
DA:49,0
DA:50,0
DA:51,0
DA:52,0
DA:53,0
DA:54,0
DA:55,0
DA:56,0
DA:57,0
DA:58,0
DA:59,0
DA:60,1
DA:61,1
DA:62,1
LF:62
LH:20
BRDA:12,0,0,1
BRF:1
BRH:1
end_of_record
TN:
SF:src/modules/cars/useCases/listAvailableCars/ListAvailableCarsController.ts
FN:5,ListAvailableCarsController
FN:6,Object.<anonymous>.ListAvailableCarsController.handle
FNF:2
FNH:1
FNDA:1,ListAvailableCarsController
FNDA:0,Object.<anonymous>.ListAvailableCarsController.handle
DA:1,1
DA:2,1
DA:3,1
DA:4,1
DA:5,1
DA:6,1
DA:7,0
DA:8,0
DA:9,0
DA:10,0
DA:11,0
DA:12,0
DA:13,0
DA:14,0
DA:15,0
DA:16,0
DA:17,0
DA:18,0
DA:19,1
DA:20,1
DA:21,1
LF:21
LH:9
BRDA:5,0,0,1
BRDA:5,1,0,1
BRF:2
BRH:2
end_of_record
TN:
SF:src/modules/cars/useCases/listAvailableCars/ListAvailableCarsUseCase.ts
FN:13,ListAvailableCarsUseCase
FN:18,Object.<anonymous>.ListAvailableCarsUseCase.execute
FNF:2
FNH:2
FNDA:4,ListAvailableCarsUseCase
FNDA:4,Object.<anonymous>.ListAvailableCarsUseCase.execute
DA:1,1
DA:2,1
DA:3,1
DA:4,1
DA:5,1
DA:6,1
DA:7,1
DA:8,1
DA:9,1
DA:10,1
DA:11,1
DA:12,1
DA:13,1
DA:14,4
DA:15,4
DA:16,4
DA:17,1
DA:18,1
DA:19,4
DA:20,4
DA:21,4
DA:22,1
DA:23,1
DA:24,1
LF:24
LH:24
BRDA:12,0,0,1
BRDA:13,1,0,4
BRDA:18,2,0,4
BRDA:19,3,0,4
BRF:4
BRH:4
end_of_record
TN:
SF:src/modules/cars/useCases/listCategories/ListCategoriesController.ts
FN:5,ListCategoriesController
FN:6,Object.<anonymous>.ListCategoriesController.handle
FNF:2
FNH:2
FNDA:1,ListCategoriesController
FNDA:1,Object.<anonymous>.ListCategoriesController.handle
DA:1,1
DA:2,1
DA:3,1
DA:4,1
DA:5,1
DA:6,1
DA:7,1
DA:8,1
DA:9,1
DA:10,1
DA:11,1
DA:12,1
DA:13,1
DA:14,1
DA:15,1
LF:15
LH:15
BRDA:5,0,0,1
BRDA:5,1,0,1
BRDA:6,2,0,1
BRF:3
BRH:3
end_of_record
TN:
SF:src/modules/cars/useCases/listCategories/ListCategoriesUseCase.ts
FN:7,ListCategoriesUseCase
FN:12,Object.<anonymous>.ListCategoriesUseCase.execute
FNF:2
FNH:2
FNDA:1,ListCategoriesUseCase
FNDA:1,Object.<anonymous>.ListCategoriesUseCase.execute
DA:1,1
DA:2,1
DA:3,1
DA:4,1
DA:5,1
DA:6,1
DA:7,1
DA:8,1
DA:9,1
DA:10,1
DA:11,1
DA:12,1
DA:13,1
DA:14,1
DA:15,1
DA:16,1
DA:17,1
DA:18,1
DA:19,1
LF:19
LH:19
BRDA:6,0,0,1
BRDA:7,1,0,1
BRDA:12,2,0,1
BRDA:13,3,0,1
BRF:4
BRH:4
end_of_record
TN:
SF:src/modules/cars/useCases/uploadCarImages/UploadCarImagesController.ts
FN:10,UploadCarImagesController
FN:12,Object.<anonymous>.UploadCarImagesController.handle
FNF:2
FNH:1
FNDA:1,UploadCarImagesController
FNDA:0,Object.<anonymous>.UploadCarImagesController.handle
DA:1,1
DA:2,1
DA:3,1
DA:4,1
DA:5,1
DA:6,1
DA:7,1
DA:8,1
DA:9,1
DA:10,1
DA:11,1
DA:12,1
DA:13,0
DA:14,0
DA:15,0
DA:16,0
DA:17,0
DA:18,0
DA:19,0
DA:20,0
DA:21,0
DA:22,0
DA:23,0
DA:24,0
DA:25,0
DA:26,0
DA:27,1
DA:28,1
DA:29,1
LF:29
LH:15
BRDA:10,0,0,1
BRDA:10,1,0,1
BRF:2
BRH:2
end_of_record
TN:
SF:src/modules/cars/useCases/uploadCarImages/UploadCarImagesUseCase.ts
FN:11,UploadCarImagesUseCase
FN:16,Object.<anonymous>.UploadCarImagesUseCase.execute
FNF:2
FNH:0
FNDA:0,UploadCarImagesUseCase
FNDA:0,Object.<anonymous>.UploadCarImagesUseCase.execute
DA:1,1
DA:2,1
DA:3,1
DA:4,1
DA:5,1
DA:6,1
DA:7,1
DA:8,1
DA:9,1
DA:10,1
DA:11,1
DA:12,0
DA:13,0
DA:14,0
DA:15,1
DA:16,1
DA:17,0
DA:18,0
DA:19,0
DA:20,0
DA:21,1
DA:22,1
DA:23,1
LF:23
LH:16
BRDA:10,0,0,1
BRF:1
BRH:1
end_of_record
TN:
SF:src/modules/rentals/useCases/createRental/CreateRentalController.ts
FN:5,CreateRentalController
FN:6,Object.<anonymous>.CreateRentalController.handle
FNF:2
FNH:1
FNDA:1,CreateRentalController
FNDA:0,Object.<anonymous>.CreateRentalController.handle
DA:1,1
DA:2,1
DA:3,1
DA:4,1
DA:5,1
DA:6,1
DA:7,0
DA:8,0
DA:9,0
DA:10,0
DA:11,0
DA:12,0
DA:13,0
DA:14,0
DA:15,0
DA:16,0
DA:17,0
DA:18,0
DA:19,1
DA:20,1
DA:21,1
DA:22,1
LF:22
LH:10
BRDA:5,0,0,1
BRDA:5,1,0,1
BRF:2
BRH:2
end_of_record
TN:
SF:src/modules/rentals/useCases/createRental/CreateRentalUseCase.ts
FN:16,CreateRentalUseCase
FN:25,Object.<anonymous>.CreateRentalUseCase.execute
FNF:2
FNH:2
FNDA:4,CreateRentalUseCase
FNDA:4,Object.<anonymous>.CreateRentalUseCase.execute
DA:1,1
DA:2,1
DA:3,1
DA:4,1
DA:5,1
DA:6,1
DA:7,1
DA:8,1
DA:9,1
DA:10,1
DA:11,1
DA:12,1
DA:13,1
DA:14,1
DA:15,1
DA:16,1
DA:17,4
DA:18,4
DA:19,4
DA:20,4
DA:21,4
DA:22,4
DA:23,1
DA:24,1
DA:25,1
DA:26,4
DA:27,4
DA:28,4
DA:29,4
DA:30,4
DA:31,1
DA:32,1
DA:33,3
DA:34,3
DA:35,4
DA:36,4
DA:37,1
DA:38,1
DA:39,2
DA:40,2
DA:41,2
DA:42,2
DA:43,2
DA:44,2
DA:45,2
DA:46,2
DA:47,4
DA:48,1
DA:49,1
DA:50,1
DA:51,1
DA:52,1
DA:53,1
DA:54,1
DA:55,1
DA:56,4
DA:57,4
DA:58,4
DA:59,4
DA:60,4
DA:61,1
DA:62,1
DA:63,1
LF:63
LH:63
BRDA:15,0,0,1
BRDA:16,1,0,4
BRDA:25,2,0,4
BRDA:30,3,0,1
BRDA:33,4,0,3
BRDA:36,5,0,1
BRDA:39,6,0,2
BRDA:47,7,0,1
BRF:8
BRH:8
end_of_record
TN:
SF:src/modules/rentals/useCases/devolution/DevolutionRentalController.ts
FN:5,DevolutionRentalController
FN:7,Object.<anonymous>.DevolutionRentalController.handle
FNF:2
FNH:1
FNDA:1,DevolutionRentalController
FNDA:0,Object.<anonymous>.DevolutionRentalController.handle
DA:1,1
DA:2,1
DA:3,1
DA:4,1
DA:5,1
DA:6,1
DA:7,1
DA:8,0
DA:9,0
DA:10,0
DA:11,0
DA:12,0
DA:13,0
DA:14,0
DA:15,0
DA:16,0
DA:17,0
DA:18,0
DA:19,0
DA:20,1
DA:21,1
DA:22,1
DA:23,1
LF:23
LH:11
BRDA:5,0,0,1
BRDA:5,1,0,1
BRF:2
BRH:2
end_of_record
TN:
SF:src/modules/rentals/useCases/devolution/DevolutionRentalUseCase.ts
FN:15,DevolutionRentalUseCase
FN:24,Object.<anonymous>.DevolutionRentalUseCase.execute
FNF:2
FNH:0
FNDA:0,DevolutionRentalUseCase
FNDA:0,Object.<anonymous>.DevolutionRentalUseCase.execute
DA:1,1
DA:2,1
DA:3,1
DA:4,1
DA:5,1
DA:6,1
DA:7,1
DA:8,1
DA:9,1
DA:10,1
DA:11,1
DA:12,1
DA:13,1
DA:14,1
DA:15,1
DA:16,0
DA:17,0
DA:18,0
DA:19,0
DA:20,0
DA:21,0
DA:22,0
DA:23,1
DA:24,1
DA:25,0
DA:26,0
DA:27,0
DA:28,0
DA:29,0
DA:30,0
DA:31,0
DA:32,0
DA:33,0
DA:34,0
DA:35,0
DA:36,0
DA:37,0
DA:38,0
DA:39,0
DA:40,0
DA:41,0
DA:42,0
DA:43,0
DA:44,0
DA:45,0
DA:46,0
DA:47,0
DA:48,0
DA:49,0
DA:50,0
DA:51,0
DA:52,0
DA:53,0
DA:54,0
DA:55,0
DA:56,0
DA:57,0
DA:58,0
DA:59,0
DA:60,0
DA:61,0
DA:62,0
DA:63,0
DA:64,0
DA:65,0
DA:66,1
DA:67,1
DA:68,1
LF:68
LH:20
BRDA:14,0,0,1
BRF:1
BRH:1
end_of_record
TN:
SF:src/modules/rentals/useCases/listRentalsByUser/ListRentalsByUserController.ts
FN:5,ListRentalsByUserController
FN:7,Object.<anonymous>.ListRentalsByUserController.handle
FNF:2
FNH:1
FNDA:1,ListRentalsByUserController
FNDA:0,Object.<anonymous>.ListRentalsByUserController.handle
DA:1,1
DA:2,1
DA:3,1
DA:4,1
DA:5,1
DA:6,1
DA:7,1
DA:8,0
DA:9,0
DA:10,0
DA:11,0
DA:12,0
DA:13,0
DA:14,0
DA:15,0
DA:16,1
DA:17,1
DA:18,1
LF:18
LH:10
BRDA:5,0,0,1
BRDA:5,1,0,1
BRF:2
BRH:2
end_of_record
TN:
SF:src/modules/rentals/useCases/listRentalsByUser/ListRentalsByUserUseCase.ts
FN:7,ListRentalsByUserUseCase
FN:12,Object.<anonymous>.ListRentalsByUserUseCase.execute
FNF:2
FNH:0
FNDA:0,ListRentalsByUserUseCase
FNDA:0,Object.<anonymous>.ListRentalsByUserUseCase.execute
DA:1,1
DA:2,1
DA:3,1
DA:4,1
DA:5,1
DA:6,1
DA:7,1
DA:8,0
DA:9,0
DA:10,0
DA:11,1
DA:12,1
DA:13,0
DA:14,0
DA:15,0
DA:16,0
DA:17,1
DA:18,1
DA:19,1
LF:19
LH:12
BRDA:6,0,0,1
BRF:1
BRH:1
end_of_record
